<?xml version="1.0" encoding="UTF-8"?>
<!-- Generated by org.testng.reporters.JUnitXMLReporter -->
<testsuite ignored="0" hostname="DESKTOP-KI70BF0" failures="0" tests="39" name="Surefire test" time="0.44" errors="0" timestamp="2021-11-28T13:09:50 CET">
  <testcase classname="pl.edu.agh.kis.pz1.DeckTest" name="testFactory on testFactory(pl.edu.agh.kis.pz1.DeckTest)" time="0.137"/>
  <testcase classname="pl.edu.agh.kis.pz1.DeckTest" name="testShuffle on testShuffle(pl.edu.agh.kis.pz1.DeckTest)" time="0.139"/>
  <testcase classname="pl.edu.agh.kis.pz1.MainModelTest" name="testcardShower on testcardShower(pl.edu.agh.kis.pz1.MainModelTest)" time="0.012"/>
  <testcase classname="pl.edu.agh.kis.pz1.MainModelTest" name="testSortPlayers on testSortPlayers(pl.edu.agh.kis.pz1.MainModelTest)" time="0.016"/>
  <testcase classname="pl.edu.agh.kis.pz1.MainModelTest" name="testSortCards on testSortCards(pl.edu.agh.kis.pz1.MainModelTest)" time="0.017"/>
  <testcase classname="pl.edu.agh.kis.pz1.PlayerHandTest" name="testCheckFlush on testCheckFlush(pl.edu.agh.kis.pz1.PlayerHandTest)" time="0.014"/>
  <testcase classname="pl.edu.agh.kis.pz1.PlayerHandTest" name="testCheckFour2 on testCheckFour2(pl.edu.agh.kis.pz1.PlayerHandTest)" time="0.014"/>
  <testcase classname="pl.edu.agh.kis.pz1.PlayerHandTest" name="testCheckFour3 on testCheckFour3(pl.edu.agh.kis.pz1.PlayerHandTest)" time="0.015"/>
  <testcase classname="pl.edu.agh.kis.pz1.PlayerHandTest" name="testCheckHand2 on testCheckHand2(pl.edu.agh.kis.pz1.PlayerHandTest)" time="0.016"/>
  <testcase classname="pl.edu.agh.kis.pz1.PlayerHandTest" name="testCheckHand3 on testCheckHand3(pl.edu.agh.kis.pz1.PlayerHandTest)" time="0.017"/>
  <testcase classname="pl.edu.agh.kis.pz1.PlayerHandTest" name="testCheckHand4 on testCheckHand4(pl.edu.agh.kis.pz1.PlayerHandTest)" time="0.017"/>
  <testcase classname="pl.edu.agh.kis.pz1.PlayerHandTest" name="testCheckHand5 on testCheckHand5(pl.edu.agh.kis.pz1.PlayerHandTest)" time="0.018"/>
  <testcase classname="pl.edu.agh.kis.pz1.PlayerHandTest" name="testCheckHand6 on testCheckHand6(pl.edu.agh.kis.pz1.PlayerHandTest)" time="0.018"/>
  <testcase classname="pl.edu.agh.kis.pz1.PlayerHandTest" name="testCheckHand7 on testCheckHand7(pl.edu.agh.kis.pz1.PlayerHandTest)" time="0.019"/>
  <testcase classname="pl.edu.agh.kis.pz1.PlayerHandTest" name="testCheckHand8 on testCheckHand8(pl.edu.agh.kis.pz1.PlayerHandTest)" time="0.019"/>
  <testcase classname="pl.edu.agh.kis.pz1.PlayerHandTest" name="testCheckHand9 on testCheckHand9(pl.edu.agh.kis.pz1.PlayerHandTest)" time="0.019"/>
  <testcase classname="pl.edu.agh.kis.pz1.PlayerHandTest" name="testCheckHouse on testCheckHouse(pl.edu.agh.kis.pz1.PlayerHandTest)" time="0.02"/>
  <testcase classname="pl.edu.agh.kis.pz1.PlayerHandTest" name="testCheckPair2 on testCheckPair2(pl.edu.agh.kis.pz1.PlayerHandTest)" time="0.021"/>
  <testcase classname="pl.edu.agh.kis.pz1.PlayerHandTest" name="testCheckPair3 on testCheckPair3(pl.edu.agh.kis.pz1.PlayerHandTest)" time="0.022"/>
  <testcase classname="pl.edu.agh.kis.pz1.PlayerHandTest" name="testCheckPair4 on testCheckPair4(pl.edu.agh.kis.pz1.PlayerHandTest)" time="0.022"/>
  <testcase classname="pl.edu.agh.kis.pz1.PlayerHandTest" name="testCheckPair5 on testCheckPair5(pl.edu.agh.kis.pz1.PlayerHandTest)" time="0.023"/>
  <testcase classname="pl.edu.agh.kis.pz1.PlayerHandTest" name="testCheckThree on testCheckThree(pl.edu.agh.kis.pz1.PlayerHandTest)" time="0.023"/>
  <testcase classname="pl.edu.agh.kis.pz1.PlayerHandTest" name="testCheckFlush2 on testCheckFlush2(pl.edu.agh.kis.pz1.PlayerHandTest)" time="0.024"/>
  <testcase classname="pl.edu.agh.kis.pz1.PlayerHandTest" name="testCheckHand10 on testCheckHand10(pl.edu.agh.kis.pz1.PlayerHandTest)" time="0.024"/>
  <testcase classname="pl.edu.agh.kis.pz1.PlayerHandTest" name="testCheckHouse2 on testCheckHouse2(pl.edu.agh.kis.pz1.PlayerHandTest)" time="0.026"/>
  <testcase classname="pl.edu.agh.kis.pz1.PlayerHandTest" name="testCheckHouse3 on testCheckHouse3(pl.edu.agh.kis.pz1.PlayerHandTest)" time="0.027"/>
  <testcase classname="pl.edu.agh.kis.pz1.PlayerHandTest" name="testCheckTwoPair on testCheckTwoPair(pl.edu.agh.kis.pz1.PlayerHandTest)" time="0.028"/>
  <testcase classname="pl.edu.agh.kis.pz1.PlayerHandTest" name="testCheckThree2 on testCheckThree2(pl.edu.agh.kis.pz1.PlayerHandTest)" time="0.028"/>
  <testcase classname="pl.edu.agh.kis.pz1.PlayerHandTest" name="testCheckThree3 on testCheckThree3(pl.edu.agh.kis.pz1.PlayerHandTest)" time="0.029"/>
  <testcase classname="pl.edu.agh.kis.pz1.PlayerHandTest" name="testCheckThree4 on testCheckThree4(pl.edu.agh.kis.pz1.PlayerHandTest)" time="0.031"/>
  <testcase classname="pl.edu.agh.kis.pz1.PlayerHandTest" name="testHighestCard on testHighestCard(pl.edu.agh.kis.pz1.PlayerHandTest)" time="0.032"/>
  <testcase classname="pl.edu.agh.kis.pz1.PlayerHandTest" name="testCheckFour on testCheckFour(pl.edu.agh.kis.pz1.PlayerHandTest)" time="0.033"/>
  <testcase classname="pl.edu.agh.kis.pz1.PlayerHandTest" name="testCheckHand on testCheckHand(pl.edu.agh.kis.pz1.PlayerHandTest)" time="0.033"/>
  <testcase classname="pl.edu.agh.kis.pz1.PlayerHandTest" name="testCheckPair on testCheckPair(pl.edu.agh.kis.pz1.PlayerHandTest)" time="0.036"/>
  <testcase classname="pl.edu.agh.kis.pz1.PlayerHandTest" name="testCheckStraight on testCheckStraight(pl.edu.agh.kis.pz1.PlayerHandTest)" time="0.038"/>
  <testcase classname="pl.edu.agh.kis.pz1.PlayerHandTest" name="testCheckTwoPair2 on testCheckTwoPair2(pl.edu.agh.kis.pz1.PlayerHandTest)" time="0.039"/>
  <testcase classname="pl.edu.agh.kis.pz1.PlayerHandTest" name="testCheckTwoPair3 on testCheckTwoPair3(pl.edu.agh.kis.pz1.PlayerHandTest)" time="0.039"/>
  <testcase classname="pl.edu.agh.kis.pz1.PlayerHandTest" name="testCheckTwoPair4 on testCheckTwoPair4(pl.edu.agh.kis.pz1.PlayerHandTest)" time="0.039"/>
  <testcase classname="pl.edu.agh.kis.pz1.RankTest" name="testGetValue on testGetValue(pl.edu.agh.kis.pz1.RankTest)" time="0.001"/>
</testsuite> <!-- Surefire test -->
