<?xml version="1.0" encoding="UTF-8"?>
<testsuite xmlns:xsi="http://www.w3.org/2001/XMLSchema-instance" xsi:noNamespaceSchemaLocation="https://maven.apache.org/surefire/maven-surefire-plugin/xsd/surefire-test-report-3.0.xsd" version="3.0" name="TestSuite" time="1.542" tests="39" errors="0" skipped="0" failures="0">
  <properties>
[...]
</properties>
  <testcase name="testFactory on testFactory(pl.edu.agh.kis.pz1.DeckTest)" classname="pl.edu.agh.kis.pz1.DeckTest" time="0.093"/>
  <testcase name="testShuffle on testShuffle(pl.edu.agh.kis.pz1.DeckTest)" classname="pl.edu.agh.kis.pz1.DeckTest" time="0.001"/>
  <testcase name="testcardShower on testcardShower(pl.edu.agh.kis.pz1.MainModelTest)" classname="pl.edu.agh.kis.pz1.MainModelTest" time="0.011"/>
  <testcase name="testSortPlayers on testSortPlayers(pl.edu.agh.kis.pz1.MainModelTest)" classname="pl.edu.agh.kis.pz1.MainModelTest" time="0.004"/>
  <testcase name="testSortCards on testSortCards(pl.edu.agh.kis.pz1.MainModelTest)" classname="pl.edu.agh.kis.pz1.MainModelTest" time="0.001"/>
  <testcase name="testCheckFlush on testCheckFlush(pl.edu.agh.kis.pz1.PlayerHandTest)" classname="pl.edu.agh.kis.pz1.PlayerHandTest" time="0.001"/>
  <testcase name="testCheckFour2 on testCheckFour2(pl.edu.agh.kis.pz1.PlayerHandTest)" classname="pl.edu.agh.kis.pz1.PlayerHandTest" time="0"/>
  <testcase name="testCheckFour3 on testCheckFour3(pl.edu.agh.kis.pz1.PlayerHandTest)" classname="pl.edu.agh.kis.pz1.PlayerHandTest" time="0.001"/>
  <testcase name="testCheckHand2 on testCheckHand2(pl.edu.agh.kis.pz1.PlayerHandTest)" classname="pl.edu.agh.kis.pz1.PlayerHandTest" time="0.001"/>
  <testcase name="testCheckHand3 on testCheckHand3(pl.edu.agh.kis.pz1.PlayerHandTest)" classname="pl.edu.agh.kis.pz1.PlayerHandTest" time="0.002"/>
  <testcase name="testCheckHand4 on testCheckHand4(pl.edu.agh.kis.pz1.PlayerHandTest)" classname="pl.edu.agh.kis.pz1.PlayerHandTest" time="0"/>
  <testcase name="testCheckHand5 on testCheckHand5(pl.edu.agh.kis.pz1.PlayerHandTest)" classname="pl.edu.agh.kis.pz1.PlayerHandTest" time="0"/>
  <testcase name="testCheckHand6 on testCheckHand6(pl.edu.agh.kis.pz1.PlayerHandTest)" classname="pl.edu.agh.kis.pz1.PlayerHandTest" time="0"/>
  <testcase name="testCheckHand7 on testCheckHand7(pl.edu.agh.kis.pz1.PlayerHandTest)" classname="pl.edu.agh.kis.pz1.PlayerHandTest" time="0"/>
  <testcase name="testCheckHand8 on testCheckHand8(pl.edu.agh.kis.pz1.PlayerHandTest)" classname="pl.edu.agh.kis.pz1.PlayerHandTest" time="0"/>
  <testcase name="testCheckHand9 on testCheckHand9(pl.edu.agh.kis.pz1.PlayerHandTest)" classname="pl.edu.agh.kis.pz1.PlayerHandTest" time="0.003"/>
  <testcase name="testCheckHouse on testCheckHouse(pl.edu.agh.kis.pz1.PlayerHandTest)" classname="pl.edu.agh.kis.pz1.PlayerHandTest" time="0"/>
  <testcase name="testCheckPair2 on testCheckPair2(pl.edu.agh.kis.pz1.PlayerHandTest)" classname="pl.edu.agh.kis.pz1.PlayerHandTest" time="0"/>
  <testcase name="testCheckPair3 on testCheckPair3(pl.edu.agh.kis.pz1.PlayerHandTest)" classname="pl.edu.agh.kis.pz1.PlayerHandTest" time="0"/>
  <testcase name="testCheckPair4 on testCheckPair4(pl.edu.agh.kis.pz1.PlayerHandTest)" classname="pl.edu.agh.kis.pz1.PlayerHandTest" time="0.001"/>
  <testcase name="testCheckPair5 on testCheckPair5(pl.edu.agh.kis.pz1.PlayerHandTest)" classname="pl.edu.agh.kis.pz1.PlayerHandTest" time="0"/>
  <testcase name="testCheckThree on testCheckThree(pl.edu.agh.kis.pz1.PlayerHandTest)" classname="pl.edu.agh.kis.pz1.PlayerHandTest" time="0.001"/>
  <testcase name="testCheckFlush2 on testCheckFlush2(pl.edu.agh.kis.pz1.PlayerHandTest)" classname="pl.edu.agh.kis.pz1.PlayerHandTest" time="0"/>
  <testcase name="testCheckHand10 on testCheckHand10(pl.edu.agh.kis.pz1.PlayerHandTest)" classname="pl.edu.agh.kis.pz1.PlayerHandTest" time="0.001"/>
  <testcase name="testCheckHouse2 on testCheckHouse2(pl.edu.agh.kis.pz1.PlayerHandTest)" classname="pl.edu.agh.kis.pz1.PlayerHandTest" time="0"/>
  <testcase name="testCheckHouse3 on testCheckHouse3(pl.edu.agh.kis.pz1.PlayerHandTest)" classname="pl.edu.agh.kis.pz1.PlayerHandTest" time="0"/>
  <testcase name="testCheckTwoPair on testCheckTwoPair(pl.edu.agh.kis.pz1.PlayerHandTest)" classname="pl.edu.agh.kis.pz1.PlayerHandTest" time="0.001"/>
  <testcase name="testCheckThree2 on testCheckThree2(pl.edu.agh.kis.pz1.PlayerHandTest)" classname="pl.edu.agh.kis.pz1.PlayerHandTest" time="0.002"/>
  <testcase name="testCheckThree3 on testCheckThree3(pl.edu.agh.kis.pz1.PlayerHandTest)" classname="pl.edu.agh.kis.pz1.PlayerHandTest" time="0.001"/>
  <testcase name="testCheckThree4 on testCheckThree4(pl.edu.agh.kis.pz1.PlayerHandTest)" classname="pl.edu.agh.kis.pz1.PlayerHandTest" time="0.002"/>
  <testcase name="testHighestCard on testHighestCard(pl.edu.agh.kis.pz1.PlayerHandTest)" classname="pl.edu.agh.kis.pz1.PlayerHandTest" time="0.001"/>
  <testcase name="testCheckFour on testCheckFour(pl.edu.agh.kis.pz1.PlayerHandTest)" classname="pl.edu.agh.kis.pz1.PlayerHandTest" time="0"/>
  <testcase name="testCheckHand on testCheckHand(pl.edu.agh.kis.pz1.PlayerHandTest)" classname="pl.edu.agh.kis.pz1.PlayerHandTest" time="0.001"/>
  <testcase name="testCheckPair on testCheckPair(pl.edu.agh.kis.pz1.PlayerHandTest)" classname="pl.edu.agh.kis.pz1.PlayerHandTest" time="0.002"/>
  <testcase name="testCheckStraight on testCheckStraight(pl.edu.agh.kis.pz1.PlayerHandTest)" classname="pl.edu.agh.kis.pz1.PlayerHandTest" time="0.001"/>
  <testcase name="testCheckTwoPair2 on testCheckTwoPair2(pl.edu.agh.kis.pz1.PlayerHandTest)" classname="pl.edu.agh.kis.pz1.PlayerHandTest" time="0.002"/>
  <testcase name="testCheckTwoPair3 on testCheckTwoPair3(pl.edu.agh.kis.pz1.PlayerHandTest)" classname="pl.edu.agh.kis.pz1.PlayerHandTest" time="0.001"/>
  <testcase name="testCheckTwoPair4 on testCheckTwoPair4(pl.edu.agh.kis.pz1.PlayerHandTest)" classname="pl.edu.agh.kis.pz1.PlayerHandTest" time="0.001"/>
  <testcase name="testGetValue on testGetValue(pl.edu.agh.kis.pz1.RankTest)" classname="pl.edu.agh.kis.pz1.RankTest" time="0"/>
</testsuite>