GROUP,PACKAGE,CLASS,INSTRUCTION_MISSED,INSTRUCTION_COVERED,BRANCH_MISSED,BRANCH_COVERED,LINE_MISSED,LINE_COVERED,COMPLEXITY_MISSED,COMPLEXITY_COVERED,METHOD_MISSED,METHOD_COVERED
poker-model,pl.edu.agh.kis.pz1,MainModel,80,135,13,15,18,15,11,9,3,3
poker-model,pl.edu.agh.kis.pz1,Deck,7,64,0,4,3,12,2,5,2,3
poker-model,pl.edu.agh.kis.pz1,Hand,0,81,0,0,0,14,0,2,0,2
poker-model,pl.edu.agh.kis.pz1,Suit,3,39,0,0,1,8,1,2,1,2
poker-model,pl.edu.agh.kis.pz1,Player,14,38,0,2,6,11,4,3,4,2
poker-model,pl.edu.agh.kis.pz1,PlayerHand,3,538,4,88,1,46,5,51,1,9
poker-model,pl.edu.agh.kis.pz1,Rank,0,105,0,0,0,18,0,3,0,3
poker-model,pl.edu.agh.kis.pz1,Card,14,15,0,0,6,5,4,2,4,2
